
Attaching package: 'gmailr'

The following object is masked from 'package:utils':

    history

The following objects are masked from 'package:base':

    body, date, labels, message

! Using an auto-discovered, cached token.
  To suppress this message, modify your code or options to clearly consent to
  the use of a cached token.
  See gargle's "Non-interactive auth" vignette for more details:
  <https://gargle.r-lib.org/articles/non-interactive-auth.html>
ℹ The gmailr package is using a cached token for
  'patbackthebackpack@gmail.com'.
Auto-refreshing stale OAuth token.
Id: 1839020bede30815

Attaching package: 'gmailr'

The following object is masked from 'package:utils':

    history

The following objects are masked from 'package:base':

    body, date, labels, message

! Using an auto-discovered, cached token.
  To suppress this message, modify your code or options to clearly consent to
  the use of a cached token.
  See gargle's "Non-interactive auth" vignette for more details:
  <https://gargle.r-lib.org/articles/non-interactive-auth.html>
ℹ The gmailr package is using a cached token for
  'patbackthebackpack@gmail.com'.
Id: 183903789263ab0e

Attaching package: 'gmailr'

The following object is masked from 'package:utils':

    history

The following objects are masked from 'package:base':

    body, date, labels, message

! Using an auto-discovered, cached token.
  To suppress this message, modify your code or options to clearly consent to
  the use of a cached token.
  See gargle's "Non-interactive auth" vignette for more details:
  <https://gargle.r-lib.org/articles/non-interactive-auth.html>
ℹ The gmailr package is using a cached token for
  'patbackthebackpack@gmail.com'.
Id: 1839040f8a5d256a
^C
Attaching package: 'gmailr'

The following object is masked from 'package:utils':

    history

The following objects are masked from 'package:base':

    body, date, labels, message

! Using an auto-discovered, cached token.
  To suppress this message, modify your code or options to clearly consent to
  the use of a cached token.
  See gargle's "Non-interactive auth" vignette for more details:
  <https://gargle.r-lib.org/articles/non-interactive-auth.html>
ℹ The gmailr package is using a cached token for
  'patbackthebackpack@gmail.com'.
Id: 183b569191a76c16

Attaching package: 'gmailr'

The following object is masked from 'package:utils':

    history

The following objects are masked from 'package:base':

    body, date, labels, message

! Using an auto-discovered, cached token.
  To suppress this message, modify your code or options to clearly consent to
  the use of a cached token.
  See gargle's "Non-interactive auth" vignette for more details:
  <https://gargle.r-lib.org/articles/non-interactive-auth.html>
ℹ The gmailr package is using a cached token for
  'patbackthebackpack@gmail.com'.
Id: 183b57f075ffaace

Attaching package: 'gmailr'

The following object is masked from 'package:utils':

    history

The following objects are masked from 'package:base':

    body, date, labels, message

! Using an auto-discovered, cached token.
  To suppress this message, modify your code or options to clearly consent to
  the use of a cached token.
  See gargle's "Non-interactive auth" vignette for more details:
  <https://gargle.r-lib.org/articles/non-interactive-auth.html>
ℹ The gmailr package is using a cached token for
  'patbackthebackpack@gmail.com'.
Id: 183b5846eb5698f2
